Using pre-set license
Built from '2020.3/staging' branch; Version is '2020.3.4f1 (0abb6314276a) revision 703331'; Using compiler version '192528614'; Build Type 'Release'
OS: 'Windows 10 Pro; OS build 22621.1; Version 2009; 64bit' Language: 'en' Physical Memory: 16145 MB
BatchMode: 1, IsHumanControllingUs: 0, StartBugReporterOnCrash: 0, Is64bit: 1, IsPro: 0

 COMMAND LINE ARGUMENTS:
D:\2020.3.4f1\Editor\Unity.exe
-adb2
-batchMode
-noUpm
-name
AssetImportWorker0
-projectPath
D:/Tower Defense
-logFile
Logs/AssetImportWorker0.log
-srvPort
54480
Successfully changed project path to: D:/Tower Defense
D:/Tower Defense
Using Asset Import Pipeline V2.
Refreshing native plugins compatible for Editor in 19.29 ms, found 0 plugins.
Preloading 0 native plugins for Editor in 0.00 ms.
Initialize engine version: 2020.3.4f1 (0abb6314276a)
[Subsystems] Discovering subsystems at path D:/2020.3.4f1/Editor/Data/Resources/UnitySubsystems
[Subsystems] Discovering subsystems at path D:/Tower Defense/Assets
GfxDevice: creating device client; threaded=0
Direct3D:
    Version:  Direct3D 11.0 [level 11.1]
    Renderer: NVIDIA GeForce GTX 1660 Ti (ID=0x2191)
    Vendor:   
    VRAM:     5991 MB
    Driver:   30.0.15.1259
Initialize mono
Mono path[0] = 'D:/2020.3.4f1/Editor/Data/Managed'
Mono path[1] = 'D:/2020.3.4f1/Editor/Data/MonoBleedingEdge/lib/mono/unityjit'
Mono config path = 'D:/2020.3.4f1/Editor/Data/MonoBleedingEdge/etc'
Using monoOptions --debugger-agent=transport=dt_socket,embedding=1,server=y,suspend=n,address=127.0.0.1:56872
Begin MonoManager ReloadAssembly
Registering precompiled unity dll's ...
Register platform support module: D:/2020.3.4f1/Editor/Data/PlaybackEngines/WebGLSupport/UnityEditor.WebGL.Extensions.dll
Register platform support module: D:/2020.3.4f1/Editor/Data/PlaybackEngines/MacStandaloneSupport/UnityEditor.OSXStandalone.Extensions.dll
Register platform support module: D:/2020.3.4f1/Editor/Data/PlaybackEngines/WindowsStandaloneSupport/UnityEditor.WindowsStandalone.Extensions.dll
Registered in 0.001073 seconds.
Native extension for WindowsStandalone target not found
Native extension for OSXStandalone target not found
Native extension for WebGL target not found
Refreshing native plugins compatible for Editor in 20.68 ms, found 0 plugins.
Preloading 0 native plugins for Editor in 0.00 ms.
Mono: successfully reloaded assembly
- Completed reload, in  1.230 seconds
Platform modules already initialized, skipping
Registering precompiled user dll's ...
Registered in 0.000407 seconds.
Begin MonoManager ReloadAssembly
Native extension for WindowsStandalone target not found
Native extension for OSXStandalone target not found
Native extension for WebGL target not found
Refreshing native plugins compatible for Editor in 0.22 ms, found 0 plugins.
Preloading 0 native plugins for Editor in 0.00 ms.
Mono: successfully reloaded assembly
- Completed reload, in  0.682 seconds
Platform modules already initialized, skipping
========================================================================
Worker process is ready to serve import requests
Launched and connected shader compiler UnityShaderCompiler.exe after 0.04 seconds
Refreshing native plugins compatible for Editor in 0.20 ms, found 0 plugins.
Preloading 0 native plugins for Editor in 0.00 ms.
Unloading 1120 Unused Serialized files (Serialized files now loaded: 0)
System memory in use before: 57.5 MB.
System memory in use after: 57.6 MB.

Unloading 10 unused Assets to reduce memory usage. Loaded Objects now: 1564.
Total: 2.127000 ms (FindLiveObjects: 0.207100 ms CreateObjectMapping: 0.086400 ms MarkObjects: 1.731200 ms  DeleteObjects: 0.101000 ms)

========================================================================
Received Import Request.
  path: Assets/Scenes/Materials/BulletImpact.mat
  artifactKey: Guid(1565fab1181cb374c8a2bf99034a63ac) Importer(815301076,1909f56bfc062723c751e8b465ee728b)
Start importing Assets/Scenes/Materials/BulletImpact.mat using Guid(1565fab1181cb374c8a2bf99034a63ac) Importer(815301076,1909f56bfc062723c751e8b465ee728b)  -> (artifact id: '701f91db861c74482d7a79068ff58d5c') in 0.121729 seconds
  Import took 0.123896 seconds .

========================================================================
Received Prepare
Registering precompiled user dll's ...
Registered in 0.000451 seconds.
Begin MonoManager ReloadAssembly
Native extension for WindowsStandalone target not found
Native extension for OSXStandalone target not found
Native extension for WebGL target not found
Refreshing native plugins compatible for Editor in 0.18 ms, found 0 plugins.
Preloading 0 native plugins for Editor in 0.00 ms.
Mono: successfully reloaded assembly
- Completed reload, in  0.639 seconds
Platform modules already initialized, skipping
Refreshing native plugins compatible for Editor in 0.18 ms, found 0 plugins.
Preloading 0 native plugins for Editor in 0.00 ms.
Unloading 1115 Unused Serialized files (Serialized files now loaded: 0)
System memory in use before: 60.8 MB.
System memory in use after: 60.8 MB.

Unloading 5 unused Assets to reduce memory usage. Loaded Objects now: 1607.
Total: 1.288300 ms (FindLiveObjects: 0.116500 ms CreateObjectMapping: 0.032200 ms MarkObjects: 1.096800 ms  DeleteObjects: 0.041800 ms)

========================================================================
Received Import Request.
  Time since last request: 213.238789 seconds.
  path: Assets/Scenes/Prefabs/Enemy.prefab
  artifactKey: Guid(34147ecf821bdad41ac3b51a9f4eb6be) Importer(815301076,1909f56bfc062723c751e8b465ee728b)
Start importing Assets/Scenes/Prefabs/Enemy.prefab using Guid(34147ecf821bdad41ac3b51a9f4eb6be) Importer(815301076,1909f56bfc062723c751e8b465ee728b)  -> (artifact id: '031277726adea00719ad633c807d4821') in 0.060410 seconds
  Import took 0.062785 seconds .

========================================================================
Received Import Request.
  Time since last request: 250.385848 seconds.
  path: Assets/Scripts/WaveSpawner.cs
  artifactKey: Guid(0a2fbac949039b34dbae94146160d874) Importer(815301076,1909f56bfc062723c751e8b465ee728b)
Start importing Assets/Scripts/WaveSpawner.cs using Guid(0a2fbac949039b34dbae94146160d874) Importer(815301076,1909f56bfc062723c751e8b465ee728b)  -> (artifact id: 'd84b438716d91109246687c3944d7613') in 0.019114 seconds
  Import took 0.020820 seconds .

========================================================================
Received Import Request.
  Time since last request: 0.000561 seconds.
  path: Assets/Scripts/WaveSpawner.cs
  artifactKey: Guid(0a2fbac949039b34dbae94146160d874) Importer(815301076,1909f56bfc062723c751e8b465ee728b)
Start importing Assets/Scripts/WaveSpawner.cs using Guid(0a2fbac949039b34dbae94146160d874) Importer(815301076,1909f56bfc062723c751e8b465ee728b)  -> (artifact id: 'd84b438716d91109246687c3944d7613') in 0.002593 seconds
  Import took 0.004399 seconds .

========================================================================
Received Import Request.
  Time since last request: 104.998751 seconds.
  path: Assets/Scripts/Bullet.cs
  artifactKey: Guid(714a20ee3d6aea044b14443bf036f1b4) Importer(815301076,1909f56bfc062723c751e8b465ee728b)
Start importing Assets/Scripts/Bullet.cs using Guid(714a20ee3d6aea044b14443bf036f1b4) Importer(815301076,1909f56bfc062723c751e8b465ee728b)  -> (artifact id: 'dfc95898f86a95eaee327d7e97f66830') in 0.005266 seconds
  Import took 0.007478 seconds .

========================================================================
Received Import Request.
  Time since last request: 1.293394 seconds.
  path: Assets/Scripts/WayPoints.cs
  artifactKey: Guid(9340adbe640d51a4395e3c1fed5e1ace) Importer(815301076,1909f56bfc062723c751e8b465ee728b)
Start importing Assets/Scripts/WayPoints.cs using Guid(9340adbe640d51a4395e3c1fed5e1ace) Importer(815301076,1909f56bfc062723c751e8b465ee728b)  -> (artifact id: '1ebc21ae331b1e5b46877645ebbd6629') in 0.005997 seconds
  Import took 0.007700 seconds .

AssetImportWorkerClient::OnTransportError - code=2 error=End of file
